<?xml version="1.0" encoding="UTF-8"?>
<testsuite name="ohtu.verkkokauppa.KauppaTest" tests="4" skipped="0" failures="0" errors="0" timestamp="2020-11-19T20:53:34" hostname="lx8-fuxi058" time="0.425">
  <properties/>
  <testcase name="kaksiSamaaOstosta" classname="ohtu.verkkokauppa.KauppaTest" time="0.419"/>
  <testcase name="ostoksenPaaytyttyaPankinMetodiaTilisiirtoKutsutaan" classname="ohtu.verkkokauppa.KauppaTest" time="0.002"/>
  <testcase name="toinenTuoteLoppu" classname="ohtu.verkkokauppa.KauppaTest" time="0.002"/>
  <testcase name="kaksiEriOstosta" classname="ohtu.verkkokauppa.KauppaTest" time="0.002"/>
  <system-out><![CDATA[]]></system-out>
  <system-err><![CDATA[]]></system-err>
</testsuite>
